{"/Users/arif.ebrahim/apps/bank-ts/src/account.ts": {"path":"/Users/arif.ebrahim/apps/bank-ts/src/account.ts","statementMap":{"0":{"start":{"line":2,"column":0},"end":{"line":2,"column":35}},"1":{"start":{"line":10,"column":4},"end":{"line":10,"column":null}},"2":{"start":{"line":11,"column":4},"end":{"line":11,"column":null}},"3":{"start":{"line":12,"column":4},"end":{"line":12,"column":null}},"4":{"start":{"line":16,"column":4},"end":{"line":16,"column":null}},"5":{"start":{"line":20,"column":4},"end":{"line":20,"column":null}},"6":{"start":{"line":24,"column":4},"end":{"line":26,"column":null}},"7":{"start":{"line":25,"column":6},"end":{"line":25,"column":null}},"8":{"start":{"line":27,"column":4},"end":{"line":27,"column":null}},"9":{"start":{"line":28,"column":4},"end":{"line":28,"column":null}},"10":{"start":{"line":32,"column":4},"end":{"line":38,"column":null}},"11":{"start":{"line":33,"column":6},"end":{"line":35,"column":null}},"12":{"start":{"line":36,"column":11},"end":{"line":38,"column":null}},"13":{"start":{"line":37,"column":6},"end":{"line":37,"column":null}},"14":{"start":{"line":39,"column":4},"end":{"line":39,"column":null}},"15":{"start":{"line":40,"column":4},"end":{"line":40,"column":null}},"16":{"start":{"line":44,"column":4},"end":{"line":49,"column":null}},"17":{"start":{"line":53,"column":4},"end":{"line":53,"column":null}},"18":{"start":{"line":4,"column":0},"end":{"line":4,"column":21}}},"fnMap":{"0":{"name":"(anonymous_1)","decl":{"start":{"line":9,"column":2},"end":{"line":9,"column":14}},"loc":{"start":{"line":9,"column":41},"end":{"line":13,"column":3}}},"1":{"name":"(anonymous_2)","decl":{"start":{"line":15,"column":2},"end":{"line":15,"column":12}},"loc":{"start":{"line":15,"column":12},"end":{"line":17,"column":3}}},"2":{"name":"(anonymous_3)","decl":{"start":{"line":19,"column":2},"end":{"line":19,"column":12}},"loc":{"start":{"line":19,"column":12},"end":{"line":21,"column":3}}},"3":{"name":"(anonymous_4)","decl":{"start":{"line":23,"column":2},"end":{"line":23,"column":9}},"loc":{"start":{"line":23,"column":24},"end":{"line":29,"column":3}}},"4":{"name":"(anonymous_5)","decl":{"start":{"line":31,"column":2},"end":{"line":31,"column":10}},"loc":{"start":{"line":31,"column":25},"end":{"line":41,"column":3}}},"5":{"name":"(anonymous_6)","decl":{"start":{"line":43,"column":10},"end":{"line":43,"column":27}},"loc":{"start":{"line":43,"column":49},"end":{"line":50,"column":3}}},"6":{"name":"(anonymous_7)","decl":{"start":{"line":52,"column":2},"end":{"line":52,"column":16}},"loc":{"start":{"line":52,"column":16},"end":{"line":54,"column":3}}}},"branchMap":{"0":{"loc":{"start":{"line":9,"column":14},"end":{"line":9,"column":41}},"type":"default-arg","locations":[{"start":{"line":9,"column":26},"end":{"line":9,"column":41}}]},"1":{"loc":{"start":{"line":24,"column":4},"end":{"line":26,"column":null}},"type":"if","locations":[{"start":{"line":24,"column":4},"end":{"line":26,"column":null}}]},"2":{"loc":{"start":{"line":32,"column":4},"end":{"line":38,"column":null}},"type":"if","locations":[{"start":{"line":32,"column":4},"end":{"line":38,"column":null}},{"start":{"line":36,"column":11},"end":{"line":38,"column":null}}]},"3":{"loc":{"start":{"line":36,"column":11},"end":{"line":38,"column":null}},"type":"if","locations":[{"start":{"line":36,"column":11},"end":{"line":38,"column":null}}]},"4":{"loc":{"start":{"line":43,"column":28},"end":{"line":43,"column":38}},"type":"default-arg","locations":[{"start":{"line":43,"column":37},"end":{"line":43,"column":38}}]},"5":{"loc":{"start":{"line":43,"column":40},"end":{"line":43,"column":49}},"type":"default-arg","locations":[{"start":{"line":43,"column":48},"end":{"line":43,"column":49}}]}},"s":{"0":2,"1":19,"2":19,"3":19,"4":6,"5":7,"6":14,"7":1,"8":13,"9":13,"10":6,"11":1,"12":5,"13":1,"14":4,"15":4,"16":17,"17":2,"18":2},"f":{"0":19,"1":6,"2":7,"3":14,"4":6,"5":17,"6":2},"b":{"0":[5],"1":[1],"2":[1,5],"3":[1],"4":[4],"5":[13]}}
,"/Users/arif.ebrahim/apps/bank-ts/src/statement.ts": {"path":"/Users/arif.ebrahim/apps/bank-ts/src/statement.ts","statementMap":{"0":{"start":{"line":7,"column":4},"end":{"line":7,"column":null}},"1":{"start":{"line":11,"column":24},"end":{"line":11,"column":40}},"2":{"start":{"line":13,"column":4},"end":{"line":13,"column":null}},"3":{"start":{"line":13,"column":18},"end":{"line":13,"column":null}},"4":{"start":{"line":15,"column":4},"end":{"line":19,"column":null}},"5":{"start":{"line":16,"column":6},"end":{"line":16,"column":null}},"6":{"start":{"line":17,"column":6},"end":{"line":17,"column":null}},"7":{"start":{"line":18,"column":6},"end":{"line":18,"column":null}},"8":{"start":{"line":21,"column":4},"end":{"line":21,"column":null}},"9":{"start":{"line":25,"column":4},"end":{"line":25,"column":null}},"10":{"start":{"line":29,"column":4},"end":{"line":31,"column":null}},"11":{"start":{"line":35,"column":4},"end":{"line":35,"column":null}},"12":{"start":{"line":39,"column":4},"end":{"line":39,"column":null}},"13":{"start":{"line":3,"column":0},"end":{"line":3,"column":21}}},"fnMap":{"0":{"name":"(anonymous_0)","decl":{"start":{"line":6,"column":2},"end":{"line":6,"column":null}},"loc":{"start":{"line":6,"column":2},"end":{"line":8,"column":3}}},"1":{"name":"(anonymous_1)","decl":{"start":{"line":10,"column":2},"end":{"line":10,"column":7}},"loc":{"start":{"line":10,"column":31},"end":{"line":22,"column":3}}},"2":{"name":"(anonymous_2)","decl":{"start":{"line":15,"column":30},"end":{"line":15,"column":34}},"loc":{"start":{"line":15,"column":37},"end":{"line":19,"column":5}}},"3":{"name":"(anonymous_3)","decl":{"start":{"line":24,"column":10},"end":{"line":24,"column":23}},"loc":{"start":{"line":24,"column":34},"end":{"line":26,"column":3}}},"4":{"name":"(anonymous_4)","decl":{"start":{"line":28,"column":10},"end":{"line":28,"column":32}},"loc":{"start":{"line":28,"column":62},"end":{"line":32,"column":3}}},"5":{"name":"(anonymous_5)","decl":{"start":{"line":34,"column":10},"end":{"line":34,"column":26}},"loc":{"start":{"line":34,"column":42},"end":{"line":36,"column":3}}},"6":{"name":"(anonymous_6)","decl":{"start":{"line":38,"column":10},"end":{"line":38,"column":19}},"loc":{"start":{"line":38,"column":33},"end":{"line":40,"column":3}}}},"branchMap":{"0":{"loc":{"start":{"line":13,"column":4},"end":{"line":13,"column":null}},"type":"if","locations":[{"start":{"line":13,"column":4},"end":{"line":13,"column":null}}]},"1":{"loc":{"start":{"line":29,"column":11},"end":{"line":31,"column":41}},"type":"cond-expr","locations":[{"start":{"line":30,"column":8},"end":{"line":30,"column":42}},{"start":{"line":31,"column":8},"end":{"line":31,"column":41}}]}},"s":{"0":9,"1":5,"2":5,"3":1,"4":4,"5":6,"6":6,"7":6,"8":4,"9":6,"10":6,"11":6,"12":12,"13":3},"f":{"0":9,"1":5,"2":6,"3":6,"4":6,"5":6,"6":12},"b":{"0":[1],"1":[3,3]}}
}
