TN:
SF:src/account.ts
FN:9,(anonymous_1)
FN:15,(anonymous_2)
FN:19,(anonymous_3)
FN:23,(anonymous_4)
FN:31,(anonymous_5)
FN:43,(anonymous_6)
FN:52,(anonymous_7)
FNF:7
FNH:7
FNDA:19,(anonymous_1)
FNDA:6,(anonymous_2)
FNDA:7,(anonymous_3)
FNDA:14,(anonymous_4)
FNDA:6,(anonymous_5)
FNDA:17,(anonymous_6)
FNDA:2,(anonymous_7)
DA:2,2
DA:4,2
DA:10,19
DA:11,19
DA:12,19
DA:16,6
DA:20,7
DA:24,14
DA:25,1
DA:27,13
DA:28,13
DA:32,6
DA:33,1
DA:36,5
DA:37,1
DA:39,4
DA:40,4
DA:44,17
DA:53,2
LF:19
LH:19
BRDA:9,0,0,5
BRDA:24,1,0,1
BRDA:32,2,0,1
BRDA:32,2,1,5
BRDA:36,3,0,1
BRDA:43,4,0,4
BRDA:43,5,0,13
BRF:7
BRH:7
end_of_record
TN:
SF:src/statement.ts
FN:6,(anonymous_0)
FN:10,(anonymous_1)
FN:15,(anonymous_2)
FN:24,(anonymous_3)
FN:28,(anonymous_4)
FN:34,(anonymous_5)
FN:38,(anonymous_6)
FNF:7
FNH:7
FNDA:9,(anonymous_0)
FNDA:5,(anonymous_1)
FNDA:6,(anonymous_2)
FNDA:6,(anonymous_3)
FNDA:6,(anonymous_4)
FNDA:6,(anonymous_5)
FNDA:12,(anonymous_6)
DA:3,3
DA:7,9
DA:11,5
DA:13,5
DA:15,4
DA:16,6
DA:17,6
DA:18,6
DA:21,4
DA:25,6
DA:29,6
DA:35,6
DA:39,12
LF:13
LH:13
BRDA:13,0,0,1
BRDA:29,1,0,3
BRDA:29,1,1,3
BRF:3
BRH:3
end_of_record
